[Sat Apr 18 23:29:15 CST 2026] Productos línea 2: fallo inserción → "Jabón de Barra"
[Sat Apr 18 23:29:15 CST 2026] Productos línea 3: fallo inserción → "Harina de Avena Premium"
[Sat Apr 18 23:29:15 CST 2026] Productos línea 4: fallo inserción → "Queso Mozzarella 250g"
[Sat Apr 18 23:29:15 CST 2026] Productos línea 5: fallo inserción → "Costilla de Res Premium"
[Sat Apr 18 23:29:15 CST 2026] Productos línea 6: fallo inserción → "Agua Mineral 500g"
[Sat Apr 18 23:29:15 CST 2026] Productos línea 7: fallo inserción → "Pera en Lata 750ml"
[Sat Apr 18 23:29:15 CST 2026] Productos línea 8: fallo inserción → "Manzana Verde Extra"
[Sat Apr 18 23:29:15 CST 2026] Productos línea 9: fallo inserción → "Cebolla 250ml"
[Mon Apr 27 01:22:12 CST 2026] Productos línea 2: sucursal inexistente ID=9
[Mon Apr 27 01:22:12 CST 2026] Productos línea 3: sucursal inexistente ID=4
[Mon Apr 27 01:22:12 CST 2026] Productos línea 4: sucursal inexistente ID=6
[Mon Apr 27 01:22:12 CST 2026] Productos línea 5: sucursal inexistente ID=9
[Mon Apr 27 01:22:12 CST 2026] Productos línea 6: sucursal inexistente ID=4
[Mon Apr 27 01:22:12 CST 2026] Productos línea 7: sucursal inexistente ID=5
[Mon Apr 27 01:22:12 CST 2026] Productos línea 8: sucursal inexistente ID=8
[Mon Apr 27 01:22:12 CST 2026] Productos línea 9: sucursal inexistente ID=1
[Mon Apr 27 01:22:12 CST 2026] Productos línea 10: sucursal inexistente ID=5
[Mon Apr 27 01:22:12 CST 2026] Productos línea 11: sucursal inexistente ID=9
[Mon Apr 27 01:22:12 CST 2026] Productos línea 12: sucursal inexistente ID=1
[Mon Apr 27 01:22:12 CST 2026] Productos línea 13: sucursal inexistente ID=9
[Mon Apr 27 01:22:12 CST 2026] Productos línea 14: sucursal inexistente ID=5
[Mon Apr 27 01:22:12 CST 2026] Productos línea 15: sucursal inexistente ID=3
[Mon Apr 27 01:22:12 CST 2026] Productos línea 16: sucursal inexistente ID=8
[Mon Apr 27 01:22:12 CST 2026] Productos línea 17: sucursal inexistente ID=6
[Mon Apr 27 01:22:12 CST 2026] Productos línea 18: sucursal inexistente ID=6
[Mon Apr 27 01:22:12 CST 2026] Productos línea 19: sucursal inexistente ID=5
[Mon Apr 27 01:22:12 CST 2026] Productos línea 20: sucursal inexistente ID=5
[Mon Apr 27 01:22:12 CST 2026] Productos línea 21: sucursal inexistente ID=5
[Mon Apr 27 01:22:12 CST 2026] Productos línea 22: sucursal inexistente ID=5
[Mon Apr 27 01:22:12 CST 2026] Productos línea 23: sucursal inexistente ID=2
[Mon Apr 27 01:22:12 CST 2026] Productos línea 24: sucursal inexistente ID=3
[Mon Apr 27 01:22:12 CST 2026] Productos línea 25: sucursal inexistente ID=7
[Mon Apr 27 01:22:12 CST 2026] Productos línea 26: sucursal inexistente ID=3
[Mon Apr 27 01:22:12 CST 2026] Productos línea 27: sucursal inexistente ID=10
[Mon Apr 27 01:22:12 CST 2026] Productos línea 28: sucursal inexistente ID=10
[Mon Apr 27 01:22:12 CST 2026] Productos línea 29: sucursal inexistente ID=3
[Mon Apr 27 01:22:12 CST 2026] Productos línea 30: sucursal inexistente ID=5
[Mon Apr 27 01:22:12 CST 2026] Productos línea 31: sucursal inexistente ID=7
[Mon Apr 27 01:22:12 CST 2026] Productos línea 32: sucursal inexistente ID=3
[Mon Apr 27 01:22:12 CST 2026] Productos línea 33: sucursal inexistente ID=6
[Mon Apr 27 01:22:12 CST 2026] Productos línea 34: sucursal inexistente ID=6
[Mon Apr 27 01:22:12 CST 2026] Productos línea 35: sucursal inexistente ID=10
[Mon Apr 27 01:22:12 CST 2026] Productos línea 36: sucursal inexistente ID=6
[Mon Apr 27 01:22:12 CST 2026] Productos línea 37: sucursal inexistente ID=5
[Mon Apr 27 01:22:12 CST 2026] Productos línea 38: sucursal inexistente ID=2
[Mon Apr 27 01:22:12 CST 2026] Productos línea 39: sucursal inexistente ID=9
[Mon Apr 27 01:22:12 CST 2026] Productos línea 40: sucursal inexistente ID=8
[Mon Apr 27 01:22:12 CST 2026] Productos línea 41: sucursal inexistente ID=5
[Mon Apr 27 01:22:12 CST 2026] Productos línea 42: sucursal inexistente ID=2
[Mon Apr 27 01:22:12 CST 2026] Productos línea 43: sucursal inexistente ID=4
[Mon Apr 27 01:22:12 CST 2026] Productos línea 44: sucursal inexistente ID=2
[Mon Apr 27 01:22:12 CST 2026] Productos línea 45: sucursal inexistente ID=4
[Mon Apr 27 01:22:12 CST 2026] Productos línea 46: sucursal inexistente ID=1
[Mon Apr 27 01:22:12 CST 2026] Productos línea 47: sucursal inexistente ID=9
[Mon Apr 27 01:22:12 CST 2026] Productos línea 48: sucursal inexistente ID=4
[Mon Apr 27 01:22:12 CST 2026] Productos línea 49: sucursal inexistente ID=4
[Mon Apr 27 01:22:12 CST 2026] Productos línea 50: sucursal inexistente ID=4
[Mon Apr 27 01:22:12 CST 2026] Productos línea 51: sucursal inexistente ID=8
[Mon Apr 27 01:22:12 CST 2026] Productos línea 52: sucursal inexistente ID=8
[Mon Apr 27 01:22:12 CST 2026] Productos línea 53: sucursal inexistente ID=1
[Mon Apr 27 01:22:12 CST 2026] Productos línea 54: sucursal inexistente ID=4
[Mon Apr 27 01:22:12 CST 2026] Productos línea 55: sucursal inexistente ID=4
[Mon Apr 27 01:22:12 CST 2026] Productos línea 56: sucursal inexistente ID=5
[Mon Apr 27 01:22:12 CST 2026] Productos línea 57: sucursal inexistente ID=4
[Mon Apr 27 01:22:12 CST 2026] Productos línea 58: sucursal inexistente ID=9
[Mon Apr 27 01:22:12 CST 2026] Productos línea 59: sucursal inexistente ID=6
[Mon Apr 27 01:22:12 CST 2026] Productos línea 60: sucursal inexistente ID=3
[Mon Apr 27 01:22:12 CST 2026] Productos línea 61: sucursal inexistente ID=2
[Mon Apr 27 01:22:12 CST 2026] Productos línea 62: sucursal inexistente ID=1
[Mon Apr 27 01:22:12 CST 2026] Productos línea 63: sucursal inexistente ID=10
[Mon Apr 27 01:22:12 CST 2026] Productos línea 64: sucursal inexistente ID=5
[Mon Apr 27 01:22:12 CST 2026] Productos línea 65: sucursal inexistente ID=10
[Mon Apr 27 01:22:12 CST 2026] Productos línea 66: sucursal inexistente ID=1
[Mon Apr 27 01:22:12 CST 2026] Productos línea 67: sucursal inexistente ID=3
[Mon Apr 27 01:22:12 CST 2026] Productos línea 68: sucursal inexistente ID=5
[Mon Apr 27 01:22:12 CST 2026] Productos línea 69: sucursal inexistente ID=3
[Mon Apr 27 01:22:12 CST 2026] Productos línea 70: sucursal inexistente ID=6
[Mon Apr 27 01:22:12 CST 2026] Productos línea 71: sucursal inexistente ID=6
[Mon Apr 27 01:22:12 CST 2026] Productos línea 72: sucursal inexistente ID=5
[Mon Apr 27 01:22:12 CST 2026] Productos línea 73: sucursal inexistente ID=1
[Mon Apr 27 01:22:12 CST 2026] Productos línea 74: sucursal inexistente ID=9
[Mon Apr 27 01:22:12 CST 2026] Productos línea 75: sucursal inexistente ID=3
[Mon Apr 27 01:22:12 CST 2026] Productos línea 76: sucursal inexistente ID=2
[Mon Apr 27 01:22:12 CST 2026] Productos línea 77: sucursal inexistente ID=10
[Mon Apr 27 01:22:12 CST 2026] Productos línea 78: sucursal inexistente ID=9
[Mon Apr 27 01:22:12 CST 2026] Productos línea 79: sucursal inexistente ID=1
[Mon Apr 27 01:22:12 CST 2026] Productos línea 80: sucursal inexistente ID=2
[Mon Apr 27 01:22:12 CST 2026] Productos línea 81: sucursal inexistente ID=3
[Mon Apr 27 01:22:12 CST 2026] Productos línea 82: sucursal inexistente ID=9
[Mon Apr 27 01:22:12 CST 2026] Productos línea 83: sucursal inexistente ID=6
[Mon Apr 27 01:22:12 CST 2026] Productos línea 84: sucursal inexistente ID=8
[Mon Apr 27 01:22:12 CST 2026] Productos línea 85: sucursal inexistente ID=10
[Mon Apr 27 01:22:12 CST 2026] Productos línea 86: sucursal inexistente ID=1
[Mon Apr 27 01:22:12 CST 2026] Productos línea 87: sucursal inexistente ID=10
[Mon Apr 27 01:22:12 CST 2026] Productos línea 88: sucursal inexistente ID=8
[Mon Apr 27 01:22:12 CST 2026] Productos línea 89: sucursal inexistente ID=6
[Mon Apr 27 01:22:12 CST 2026] Productos línea 90: sucursal inexistente ID=1
[Mon Apr 27 01:22:12 CST 2026] Productos línea 91: sucursal inexistente ID=7
[Mon Apr 27 01:22:12 CST 2026] Productos línea 92: sucursal inexistente ID=5
[Mon Apr 27 01:22:12 CST 2026] Productos línea 93: sucursal inexistente ID=2
[Mon Apr 27 01:22:12 CST 2026] Productos línea 94: sucursal inexistente ID=8
[Mon Apr 27 01:22:12 CST 2026] Productos línea 95: sucursal inexistente ID=2
[Mon Apr 27 01:22:12 CST 2026] Productos línea 96: sucursal inexistente ID=6
[Mon Apr 27 01:22:12 CST 2026] Productos línea 97: sucursal inexistente ID=6
[Mon Apr 27 01:22:12 CST 2026] Productos línea 98: sucursal inexistente ID=10
[Mon Apr 27 01:22:12 CST 2026] Productos línea 99: sucursal inexistente ID=10
[Mon Apr 27 01:22:12 CST 2026] Productos línea 100: sucursal inexistente ID=7
[Mon Apr 27 01:22:12 CST 2026] Productos línea 101: sucursal inexistente ID=9
[Mon Apr 27 01:22:12 CST 2026] Productos línea 102: sucursal inexistente ID=3
[Mon Apr 27 01:22:12 CST 2026] Productos línea 103: sucursal inexistente ID=2
[Mon Apr 27 01:22:12 CST 2026] Productos línea 104: sucursal inexistente ID=7
[Mon Apr 27 01:22:12 CST 2026] Productos línea 105: sucursal inexistente ID=4
[Mon Apr 27 01:22:12 CST 2026] Productos línea 106: sucursal inexistente ID=8
[Mon Apr 27 01:22:12 CST 2026] Productos línea 107: sucursal inexistente ID=1
[Mon Apr 27 01:22:12 CST 2026] Productos línea 108: sucursal inexistente ID=10
[Mon Apr 27 01:22:12 CST 2026] Productos línea 109: sucursal inexistente ID=3
[Mon Apr 27 01:22:12 CST 2026] Productos línea 110: sucursal inexistente ID=10
[Mon Apr 27 01:22:12 CST 2026] Productos línea 111: sucursal inexistente ID=5
[Mon Apr 27 01:22:12 CST 2026] Productos línea 112: sucursal inexistente ID=6
[Mon Apr 27 01:22:12 CST 2026] Productos línea 113: sucursal inexistente ID=2
[Mon Apr 27 01:22:12 CST 2026] Productos línea 114: sucursal inexistente ID=5
[Mon Apr 27 01:22:12 CST 2026] Productos línea 115: sucursal inexistente ID=2
[Mon Apr 27 01:22:12 CST 2026] Productos línea 116: sucursal inexistente ID=6
[Mon Apr 27 01:22:12 CST 2026] Productos línea 117: sucursal inexistente ID=6
[Mon Apr 27 01:22:12 CST 2026] Productos línea 118: sucursal inexistente ID=1
[Mon Apr 27 01:22:12 CST 2026] Productos línea 119: sucursal inexistente ID=7
[Mon Apr 27 01:22:12 CST 2026] Productos línea 120: sucursal inexistente ID=4
[Mon Apr 27 01:22:12 CST 2026] Productos línea 121: sucursal inexistente ID=4
[Mon Apr 27 01:22:12 CST 2026] Productos línea 122: sucursal inexistente ID=6
[Mon Apr 27 01:22:12 CST 2026] Productos línea 123: sucursal inexistente ID=9
[Mon Apr 27 01:22:12 CST 2026] Productos línea 124: sucursal inexistente ID=9
[Mon Apr 27 01:22:12 CST 2026] Productos línea 125: sucursal inexistente ID=5
[Mon Apr 27 01:22:12 CST 2026] Productos línea 126: sucursal inexistente ID=5
[Mon Apr 27 01:22:12 CST 2026] Productos línea 127: sucursal inexistente ID=8
[Mon Apr 27 01:22:12 CST 2026] Productos línea 128: sucursal inexistente ID=5
[Mon Apr 27 01:22:12 CST 2026] Productos línea 129: sucursal inexistente ID=6
[Mon Apr 27 01:22:12 CST 2026] Productos línea 130: sucursal inexistente ID=1
[Mon Apr 27 01:22:12 CST 2026] Productos línea 131: sucursal inexistente ID=3
[Mon Apr 27 01:22:12 CST 2026] Productos línea 132: sucursal inexistente ID=2
[Mon Apr 27 01:22:12 CST 2026] Productos línea 133: sucursal inexistente ID=6
[Mon Apr 27 01:22:12 CST 2026] Productos línea 134: sucursal inexistente ID=4
[Mon Apr 27 01:22:12 CST 2026] Productos línea 135: sucursal inexistente ID=6
[Mon Apr 27 01:22:12 CST 2026] Productos línea 136: sucursal inexistente ID=2
[Mon Apr 27 01:22:12 CST 2026] Productos línea 137: sucursal inexistente ID=1
[Mon Apr 27 01:22:12 CST 2026] Productos línea 138: sucursal inexistente ID=4
[Mon Apr 27 01:22:12 CST 2026] Productos línea 139: sucursal inexistente ID=4
[Mon Apr 27 01:22:12 CST 2026] Productos línea 140: sucursal inexistente ID=5
[Mon Apr 27 01:22:12 CST 2026] Productos línea 141: sucursal inexistente ID=7
[Mon Apr 27 01:22:12 CST 2026] Productos línea 142: sucursal inexistente ID=1
[Mon Apr 27 01:22:12 CST 2026] Productos línea 143: sucursal inexistente ID=10
[Mon Apr 27 01:22:12 CST 2026] Productos línea 144: sucursal inexistente ID=5
[Mon Apr 27 01:22:12 CST 2026] Productos línea 145: sucursal inexistente ID=4
[Mon Apr 27 01:22:12 CST 2026] Productos línea 146: sucursal inexistente ID=7
[Mon Apr 27 01:22:12 CST 2026] Productos línea 147: sucursal inexistente ID=2
[Mon Apr 27 01:22:12 CST 2026] Productos línea 148: sucursal inexistente ID=6
[Mon Apr 27 01:22:12 CST 2026] Productos línea 149: sucursal inexistente ID=1
[Mon Apr 27 01:22:12 CST 2026] Productos línea 150: sucursal inexistente ID=1
[Mon Apr 27 01:22:12 CST 2026] Productos línea 151: sucursal inexistente ID=8
[Mon Apr 27 01:22:12 CST 2026] Productos línea 152: sucursal inexistente ID=5
[Mon Apr 27 01:22:12 CST 2026] Productos línea 153: sucursal inexistente ID=2
[Mon Apr 27 01:22:12 CST 2026] Productos línea 154: sucursal inexistente ID=1
[Mon Apr 27 01:22:12 CST 2026] Productos línea 155: sucursal inexistente ID=1
[Mon Apr 27 01:22:12 CST 2026] Productos línea 156: sucursal inexistente ID=7
[Mon Apr 27 01:22:12 CST 2026] Productos línea 157: sucursal inexistente ID=8
[Mon Apr 27 01:22:12 CST 2026] Productos línea 158: sucursal inexistente ID=1
[Mon Apr 27 01:22:12 CST 2026] Productos línea 159: sucursal inexistente ID=8
[Mon Apr 27 01:22:12 CST 2026] Productos línea 160: sucursal inexistente ID=1
[Mon Apr 27 01:22:12 CST 2026] Productos línea 161: sucursal inexistente ID=1
[Mon Apr 27 01:22:12 CST 2026] Productos línea 162: sucursal inexistente ID=10
[Mon Apr 27 01:22:12 CST 2026] Productos línea 163: sucursal inexistente ID=3
[Mon Apr 27 01:22:12 CST 2026] Productos línea 164: sucursal inexistente ID=7
[Mon Apr 27 01:22:12 CST 2026] Productos línea 165: sucursal inexistente ID=1
[Mon Apr 27 01:22:12 CST 2026] Productos línea 166: sucursal inexistente ID=8
[Mon Apr 27 01:22:12 CST 2026] Productos línea 167: sucursal inexistente ID=7
[Mon Apr 27 01:22:12 CST 2026] Productos línea 168: sucursal inexistente ID=3
[Mon Apr 27 01:22:12 CST 2026] Productos línea 169: sucursal inexistente ID=6
[Mon Apr 27 01:22:12 CST 2026] Productos línea 170: sucursal inexistente ID=4
[Mon Apr 27 01:22:12 CST 2026] Productos línea 171: sucursal inexistente ID=4
[Mon Apr 27 01:22:12 CST 2026] Productos línea 172: sucursal inexistente ID=10
[Mon Apr 27 01:22:12 CST 2026] Productos línea 173: sucursal inexistente ID=5
[Mon Apr 27 01:22:12 CST 2026] Productos línea 174: sucursal inexistente ID=9
[Mon Apr 27 01:22:12 CST 2026] Productos línea 175: sucursal inexistente ID=2
[Mon Apr 27 01:22:12 CST 2026] Productos línea 176: sucursal inexistente ID=5
[Mon Apr 27 01:22:12 CST 2026] Productos línea 177: sucursal inexistente ID=10
[Mon Apr 27 01:22:12 CST 2026] Productos línea 178: sucursal inexistente ID=3
[Mon Apr 27 01:22:12 CST 2026] Productos línea 179: sucursal inexistente ID=8
[Mon Apr 27 01:22:12 CST 2026] Productos línea 180: sucursal inexistente ID=2
[Mon Apr 27 01:22:12 CST 2026] Productos línea 181: sucursal inexistente ID=4
[Mon Apr 27 01:22:12 CST 2026] Productos línea 182: sucursal inexistente ID=1
[Mon Apr 27 01:22:12 CST 2026] Productos línea 183: sucursal inexistente ID=7
[Mon Apr 27 01:22:12 CST 2026] Productos línea 184: sucursal inexistente ID=2
[Mon Apr 27 01:22:12 CST 2026] Productos línea 185: sucursal inexistente ID=7
[Mon Apr 27 01:22:12 CST 2026] Productos línea 186: sucursal inexistente ID=7
[Mon Apr 27 01:22:12 CST 2026] Productos línea 187: sucursal inexistente ID=5
[Mon Apr 27 01:22:12 CST 2026] Productos línea 188: sucursal inexistente ID=4
[Mon Apr 27 01:22:12 CST 2026] Productos línea 189: sucursal inexistente ID=7
[Mon Apr 27 01:22:12 CST 2026] Productos línea 190: sucursal inexistente ID=10
[Mon Apr 27 01:22:12 CST 2026] Productos línea 191: sucursal inexistente ID=3
[Mon Apr 27 01:22:12 CST 2026] Productos línea 192: sucursal inexistente ID=6
[Mon Apr 27 01:22:12 CST 2026] Productos línea 193: sucursal inexistente ID=10
[Mon Apr 27 01:22:12 CST 2026] Productos línea 194: sucursal inexistente ID=7
[Mon Apr 27 01:22:12 CST 2026] Productos línea 195: sucursal inexistente ID=5
[Mon Apr 27 01:22:12 CST 2026] Productos línea 196: sucursal inexistente ID=5
[Mon Apr 27 01:22:12 CST 2026] Productos línea 197: sucursal inexistente ID=4
[Mon Apr 27 01:22:12 CST 2026] Productos línea 198: sucursal inexistente ID=9
[Mon Apr 27 01:22:12 CST 2026] Productos línea 199: sucursal inexistente ID=5
[Mon Apr 27 01:22:12 CST 2026] Productos línea 200: sucursal inexistente ID=6
[Mon Apr 27 01:22:12 CST 2026] Productos línea 201: sucursal inexistente ID=3
[Mon Apr 27 01:22:12 CST 2026] Productos línea 202: sucursal inexistente ID=1
[Mon Apr 27 01:22:12 CST 2026] Productos línea 203: sucursal inexistente ID=8
[Mon Apr 27 01:22:12 CST 2026] Productos línea 204: sucursal inexistente ID=8
[Mon Apr 27 01:22:12 CST 2026] Productos línea 205: sucursal inexistente ID=5
[Mon Apr 27 01:22:12 CST 2026] Productos línea 206: sucursal inexistente ID=6
[Mon Apr 27 01:22:12 CST 2026] Productos línea 207: sucursal inexistente ID=4
[Mon Apr 27 01:22:12 CST 2026] Productos línea 208: sucursal inexistente ID=8
[Mon Apr 27 01:22:12 CST 2026] Productos línea 209: sucursal inexistente ID=5
[Mon Apr 27 01:22:12 CST 2026] Productos línea 210: sucursal inexistente ID=1
[Mon Apr 27 01:22:12 CST 2026] Productos línea 211: sucursal inexistente ID=1
[Mon Apr 27 01:22:12 CST 2026] Productos línea 212: sucursal inexistente ID=10
[Mon Apr 27 01:22:12 CST 2026] Productos línea 213: sucursal inexistente ID=10
[Mon Apr 27 01:22:12 CST 2026] Productos línea 214: sucursal inexistente ID=5
[Mon Apr 27 01:22:12 CST 2026] Productos línea 215: sucursal inexistente ID=6
[Mon Apr 27 01:22:12 CST 2026] Productos línea 216: sucursal inexistente ID=4
[Mon Apr 27 01:22:12 CST 2026] Productos línea 217: sucursal inexistente ID=8
[Mon Apr 27 01:22:12 CST 2026] Productos línea 218: sucursal inexistente ID=1
[Mon Apr 27 01:22:12 CST 2026] Productos línea 219: sucursal inexistente ID=6
[Mon Apr 27 01:22:12 CST 2026] Productos línea 220: sucursal inexistente ID=7
[Mon Apr 27 01:22:12 CST 2026] Productos línea 221: sucursal inexistente ID=3
[Mon Apr 27 01:22:12 CST 2026] Productos línea 222: sucursal inexistente ID=7
[Mon Apr 27 01:22:12 CST 2026] Productos línea 223: sucursal inexistente ID=6
[Mon Apr 27 01:22:12 CST 2026] Productos línea 224: sucursal inexistente ID=9
[Mon Apr 27 01:22:12 CST 2026] Productos línea 225: sucursal inexistente ID=1
[Mon Apr 27 01:22:12 CST 2026] Productos línea 226: sucursal inexistente ID=10
[Mon Apr 27 01:22:12 CST 2026] Productos línea 227: sucursal inexistente ID=7
[Mon Apr 27 01:22:12 CST 2026] Productos línea 228: sucursal inexistente ID=10
[Mon Apr 27 01:22:12 CST 2026] Productos línea 229: sucursal inexistente ID=3
[Mon Apr 27 01:22:12 CST 2026] Productos línea 230: sucursal inexistente ID=10
[Mon Apr 27 01:22:12 CST 2026] Productos línea 231: sucursal inexistente ID=9
[Mon Apr 27 01:22:12 CST 2026] Productos línea 232: sucursal inexistente ID=9
[Mon Apr 27 01:22:12 CST 2026] Productos línea 233: sucursal inexistente ID=7
[Mon Apr 27 01:22:12 CST 2026] Productos línea 234: sucursal inexistente ID=9
[Mon Apr 27 01:22:12 CST 2026] Productos línea 235: sucursal inexistente ID=2
[Mon Apr 27 01:22:12 CST 2026] Productos línea 236: sucursal inexistente ID=7
[Mon Apr 27 01:22:12 CST 2026] Productos línea 237: sucursal inexistente ID=6
[Mon Apr 27 01:22:12 CST 2026] Productos línea 238: sucursal inexistente ID=4
[Mon Apr 27 01:22:12 CST 2026] Productos línea 239: sucursal inexistente ID=3
[Mon Apr 27 01:22:12 CST 2026] Productos línea 240: sucursal inexistente ID=6
[Mon Apr 27 01:22:12 CST 2026] Productos línea 241: sucursal inexistente ID=10
[Mon Apr 27 01:22:12 CST 2026] Productos línea 242: sucursal inexistente ID=6
[Mon Apr 27 01:22:12 CST 2026] Productos línea 243: sucursal inexistente ID=7
[Mon Apr 27 01:22:12 CST 2026] Productos línea 244: sucursal inexistente ID=8
[Mon Apr 27 01:22:12 CST 2026] Productos línea 245: sucursal inexistente ID=6
[Mon Apr 27 01:22:12 CST 2026] Productos línea 246: sucursal inexistente ID=3
[Mon Apr 27 01:22:12 CST 2026] Productos línea 247: sucursal inexistente ID=7
[Mon Apr 27 01:22:12 CST 2026] Productos línea 248: sucursal inexistente ID=6
[Mon Apr 27 01:22:12 CST 2026] Productos línea 249: sucursal inexistente ID=3
[Mon Apr 27 01:22:12 CST 2026] Productos línea 250: sucursal inexistente ID=10
[Mon Apr 27 01:22:12 CST 2026] Productos línea 251: sucursal inexistente ID=9
[Mon Apr 27 01:22:12 CST 2026] Productos línea 252: sucursal inexistente ID=1
[Mon Apr 27 01:22:12 CST 2026] Productos línea 253: sucursal inexistente ID=10
[Mon Apr 27 01:22:12 CST 2026] Productos línea 254: sucursal inexistente ID=8
[Mon Apr 27 01:22:12 CST 2026] Productos línea 255: sucursal inexistente ID=3
[Mon Apr 27 01:22:12 CST 2026] Productos línea 256: sucursal inexistente ID=8
[Mon Apr 27 01:22:12 CST 2026] Productos línea 257: sucursal inexistente ID=3
[Mon Apr 27 01:22:12 CST 2026] Productos línea 258: sucursal inexistente ID=3
[Mon Apr 27 01:22:12 CST 2026] Productos línea 259: sucursal inexistente ID=7
[Mon Apr 27 01:22:12 CST 2026] Productos línea 260: sucursal inexistente ID=6
[Mon Apr 27 01:22:12 CST 2026] Productos línea 261: sucursal inexistente ID=8
[Mon Apr 27 01:22:12 CST 2026] Productos línea 262: sucursal inexistente ID=4
[Mon Apr 27 01:22:12 CST 2026] Productos línea 263: sucursal inexistente ID=8
[Mon Apr 27 01:22:12 CST 2026] Productos línea 264: sucursal inexistente ID=9
[Mon Apr 27 01:22:12 CST 2026] Productos línea 265: sucursal inexistente ID=2
[Mon Apr 27 01:22:12 CST 2026] Productos línea 266: sucursal inexistente ID=5
[Mon Apr 27 01:22:12 CST 2026] Productos línea 267: sucursal inexistente ID=7
[Mon Apr 27 01:22:12 CST 2026] Productos línea 268: sucursal inexistente ID=5
[Mon Apr 27 01:22:12 CST 2026] Productos línea 269: sucursal inexistente ID=8
[Mon Apr 27 01:22:12 CST 2026] Productos línea 270: sucursal inexistente ID=4
[Mon Apr 27 01:22:12 CST 2026] Productos línea 271: sucursal inexistente ID=9
[Mon Apr 27 01:22:12 CST 2026] Productos línea 272: sucursal inexistente ID=4
[Mon Apr 27 01:22:12 CST 2026] Productos línea 273: sucursal inexistente ID=2
[Mon Apr 27 01:22:12 CST 2026] Productos línea 274: sucursal inexistente ID=7
[Mon Apr 27 01:22:12 CST 2026] Productos línea 275: sucursal inexistente ID=7
[Mon Apr 27 01:22:12 CST 2026] Productos línea 276: sucursal inexistente ID=6
[Mon Apr 27 01:22:12 CST 2026] Productos línea 277: sucursal inexistente ID=2
[Mon Apr 27 01:22:12 CST 2026] Productos línea 278: sucursal inexistente ID=7
[Mon Apr 27 01:22:12 CST 2026] Productos línea 279: sucursal inexistente ID=9
[Mon Apr 27 01:22:12 CST 2026] Productos línea 280: sucursal inexistente ID=3
[Mon Apr 27 01:22:12 CST 2026] Productos línea 281: sucursal inexistente ID=1
[Mon Apr 27 01:22:12 CST 2026] Productos línea 282: sucursal inexistente ID=4
[Mon Apr 27 01:22:12 CST 2026] Productos línea 283: sucursal inexistente ID=3
[Mon Apr 27 01:22:12 CST 2026] Productos línea 284: sucursal inexistente ID=5
[Mon Apr 27 01:22:12 CST 2026] Productos línea 285: sucursal inexistente ID=1
[Mon Apr 27 01:22:12 CST 2026] Productos línea 286: sucursal inexistente ID=5
[Mon Apr 27 01:22:12 CST 2026] Productos línea 287: sucursal inexistente ID=7
[Mon Apr 27 01:22:12 CST 2026] Productos línea 288: sucursal inexistente ID=7
[Mon Apr 27 01:22:12 CST 2026] Productos línea 289: sucursal inexistente ID=3
[Mon Apr 27 01:22:12 CST 2026] Productos línea 290: sucursal inexistente ID=4
[Mon Apr 27 01:22:12 CST 2026] Productos línea 291: sucursal inexistente ID=4
[Mon Apr 27 01:22:12 CST 2026] Productos línea 292: sucursal inexistente ID=6
[Mon Apr 27 01:22:12 CST 2026] Productos línea 293: sucursal inexistente ID=7
[Mon Apr 27 01:22:12 CST 2026] Productos línea 294: sucursal inexistente ID=9
[Mon Apr 27 01:22:12 CST 2026] Productos línea 295: sucursal inexistente ID=1
[Mon Apr 27 01:22:12 CST 2026] Productos línea 296: sucursal inexistente ID=8
[Mon Apr 27 01:22:12 CST 2026] Productos línea 297: sucursal inexistente ID=10
[Mon Apr 27 01:22:12 CST 2026] Productos línea 298: sucursal inexistente ID=9
[Mon Apr 27 01:22:12 CST 2026] Productos línea 299: sucursal inexistente ID=8
[Mon Apr 27 01:22:12 CST 2026] Productos línea 300: sucursal inexistente ID=1
[Mon Apr 27 01:22:12 CST 2026] Productos línea 301: sucursal inexistente ID=7
[Mon Apr 27 01:22:12 CST 2026] Productos línea 302: sucursal inexistente ID=9
[Mon Apr 27 01:22:12 CST 2026] Productos línea 303: sucursal inexistente ID=4
[Mon Apr 27 01:22:12 CST 2026] Productos línea 304: sucursal inexistente ID=5
[Mon Apr 27 01:22:12 CST 2026] Productos línea 305: sucursal inexistente ID=6
[Mon Apr 27 01:22:12 CST 2026] Productos línea 306: sucursal inexistente ID=9
[Mon Apr 27 01:22:12 CST 2026] Productos línea 307: sucursal inexistente ID=9
[Mon Apr 27 01:22:12 CST 2026] Productos línea 308: sucursal inexistente ID=6
[Mon Apr 27 01:22:12 CST 2026] Productos línea 309: sucursal inexistente ID=9
[Mon Apr 27 01:22:12 CST 2026] Productos línea 310: sucursal inexistente ID=5
[Mon Apr 27 01:22:12 CST 2026] Productos línea 311: sucursal inexistente ID=2
[Mon Apr 27 01:22:12 CST 2026] Productos línea 312: sucursal inexistente ID=5
[Mon Apr 27 01:22:12 CST 2026] Productos línea 313: sucursal inexistente ID=10
[Mon Apr 27 01:22:12 CST 2026] Productos línea 314: sucursal inexistente ID=3
[Mon Apr 27 01:22:12 CST 2026] Productos línea 315: sucursal inexistente ID=3
[Mon Apr 27 01:22:12 CST 2026] Productos línea 316: sucursal inexistente ID=9
[Mon Apr 27 01:22:12 CST 2026] Productos línea 317: sucursal inexistente ID=8
[Mon Apr 27 01:22:12 CST 2026] Productos línea 318: sucursal inexistente ID=1
[Mon Apr 27 01:22:12 CST 2026] Productos línea 319: sucursal inexistente ID=6
[Mon Apr 27 01:22:12 CST 2026] Productos línea 320: sucursal inexistente ID=2
[Mon Apr 27 01:22:12 CST 2026] Productos línea 321: sucursal inexistente ID=4
[Mon Apr 27 01:22:12 CST 2026] Productos línea 322: sucursal inexistente ID=9
[Mon Apr 27 01:22:12 CST 2026] Productos línea 323: sucursal inexistente ID=9
[Mon Apr 27 01:22:12 CST 2026] Productos línea 324: sucursal inexistente ID=5
[Mon Apr 27 01:22:12 CST 2026] Productos línea 325: sucursal inexistente ID=5
[Mon Apr 27 01:22:12 CST 2026] Productos línea 326: sucursal inexistente ID=7
[Mon Apr 27 01:22:12 CST 2026] Productos línea 327: sucursal inexistente ID=6
[Mon Apr 27 01:22:12 CST 2026] Productos línea 328: sucursal inexistente ID=3
[Mon Apr 27 01:22:12 CST 2026] Productos línea 329: sucursal inexistente ID=10
[Mon Apr 27 01:22:12 CST 2026] Productos línea 330: sucursal inexistente ID=1
[Mon Apr 27 01:22:12 CST 2026] Productos línea 331: sucursal inexistente ID=7
[Mon Apr 27 01:22:12 CST 2026] Productos línea 332: sucursal inexistente ID=8
[Mon Apr 27 01:22:12 CST 2026] Productos línea 333: sucursal inexistente ID=3
[Mon Apr 27 01:22:12 CST 2026] Productos línea 334: sucursal inexistente ID=5
[Mon Apr 27 01:22:12 CST 2026] Productos línea 335: sucursal inexistente ID=4
[Mon Apr 27 01:22:12 CST 2026] Productos línea 336: sucursal inexistente ID=4
[Mon Apr 27 01:22:12 CST 2026] Productos línea 337: sucursal inexistente ID=8
[Mon Apr 27 01:22:12 CST 2026] Productos línea 338: sucursal inexistente ID=5
[Mon Apr 27 01:22:12 CST 2026] Productos línea 339: sucursal inexistente ID=10
[Mon Apr 27 01:22:12 CST 2026] Productos línea 340: sucursal inexistente ID=3
[Mon Apr 27 01:22:12 CST 2026] Productos línea 341: sucursal inexistente ID=7
[Mon Apr 27 01:22:12 CST 2026] Productos línea 342: sucursal inexistente ID=5
[Mon Apr 27 01:22:12 CST 2026] Productos línea 343: sucursal inexistente ID=4
[Mon Apr 27 01:22:12 CST 2026] Productos línea 344: sucursal inexistente ID=9
[Mon Apr 27 01:22:12 CST 2026] Productos línea 345: sucursal inexistente ID=2
[Mon Apr 27 01:22:12 CST 2026] Productos línea 346: sucursal inexistente ID=4
[Mon Apr 27 01:22:12 CST 2026] Productos línea 347: sucursal inexistente ID=8
[Mon Apr 27 01:22:12 CST 2026] Productos línea 348: sucursal inexistente ID=5
[Mon Apr 27 01:22:12 CST 2026] Productos línea 349: sucursal inexistente ID=2
[Mon Apr 27 01:22:12 CST 2026] Productos línea 350: sucursal inexistente ID=4
[Mon Apr 27 01:22:12 CST 2026] Productos línea 351: sucursal inexistente ID=7
[Mon Apr 27 01:22:12 CST 2026] Productos línea 352: sucursal inexistente ID=7
[Mon Apr 27 01:22:12 CST 2026] Productos línea 353: sucursal inexistente ID=3
[Mon Apr 27 01:22:12 CST 2026] Productos línea 354: sucursal inexistente ID=2
[Mon Apr 27 01:22:12 CST 2026] Productos línea 355: sucursal inexistente ID=8
[Mon Apr 27 01:22:12 CST 2026] Productos línea 356: sucursal inexistente ID=9
[Mon Apr 27 01:22:12 CST 2026] Productos línea 357: sucursal inexistente ID=9
[Mon Apr 27 01:22:12 CST 2026] Productos línea 358: sucursal inexistente ID=6
[Mon Apr 27 01:22:12 CST 2026] Productos línea 359: sucursal inexistente ID=9
[Mon Apr 27 01:22:12 CST 2026] Productos línea 360: sucursal inexistente ID=3
[Mon Apr 27 01:22:12 CST 2026] Productos línea 361: sucursal inexistente ID=6
[Mon Apr 27 01:22:12 CST 2026] Productos línea 362: sucursal inexistente ID=4
[Mon Apr 27 01:22:12 CST 2026] Productos línea 363: sucursal inexistente ID=6
[Mon Apr 27 01:22:12 CST 2026] Productos línea 364: sucursal inexistente ID=10
[Mon Apr 27 01:22:12 CST 2026] Productos línea 365: sucursal inexistente ID=4
[Mon Apr 27 01:22:12 CST 2026] Productos línea 366: sucursal inexistente ID=3
[Mon Apr 27 01:22:12 CST 2026] Productos línea 367: sucursal inexistente ID=5
[Mon Apr 27 01:22:12 CST 2026] Productos línea 368: sucursal inexistente ID=9
[Mon Apr 27 01:22:12 CST 2026] Productos línea 369: sucursal inexistente ID=5
[Mon Apr 27 01:22:12 CST 2026] Productos línea 370: sucursal inexistente ID=4
[Mon Apr 27 01:22:12 CST 2026] Productos línea 371: sucursal inexistente ID=10
[Mon Apr 27 01:22:12 CST 2026] Productos línea 372: sucursal inexistente ID=10
[Mon Apr 27 01:22:12 CST 2026] Productos línea 373: sucursal inexistente ID=7
[Mon Apr 27 01:22:12 CST 2026] Productos línea 374: sucursal inexistente ID=10
[Mon Apr 27 01:22:12 CST 2026] Productos línea 375: sucursal inexistente ID=2
[Mon Apr 27 01:22:12 CST 2026] Productos línea 376: sucursal inexistente ID=6
[Mon Apr 27 01:22:12 CST 2026] Productos línea 377: sucursal inexistente ID=4
[Mon Apr 27 01:22:12 CST 2026] Productos línea 378: sucursal inexistente ID=4
[Mon Apr 27 01:22:12 CST 2026] Productos línea 379: sucursal inexistente ID=8
[Mon Apr 27 01:22:12 CST 2026] Productos línea 380: sucursal inexistente ID=1
[Mon Apr 27 01:22:12 CST 2026] Productos línea 381: sucursal inexistente ID=7
[Mon Apr 27 01:22:12 CST 2026] Productos línea 382: sucursal inexistente ID=7
[Mon Apr 27 01:22:12 CST 2026] Productos línea 383: sucursal inexistente ID=8
[Mon Apr 27 01:22:12 CST 2026] Productos línea 384: sucursal inexistente ID=6
[Mon Apr 27 01:22:12 CST 2026] Productos línea 385: sucursal inexistente ID=8
[Mon Apr 27 01:22:12 CST 2026] Productos línea 386: sucursal inexistente ID=7
[Mon Apr 27 01:22:12 CST 2026] Productos línea 387: sucursal inexistente ID=9
[Mon Apr 27 01:22:12 CST 2026] Productos línea 388: sucursal inexistente ID=1
[Mon Apr 27 01:22:12 CST 2026] Productos línea 389: sucursal inexistente ID=10
[Mon Apr 27 01:22:12 CST 2026] Productos línea 390: sucursal inexistente ID=8
[Mon Apr 27 01:22:12 CST 2026] Productos línea 391: sucursal inexistente ID=1
[Mon Apr 27 01:22:12 CST 2026] Productos línea 392: sucursal inexistente ID=2
[Mon Apr 27 01:22:12 CST 2026] Productos línea 393: sucursal inexistente ID=5
[Mon Apr 27 01:22:12 CST 2026] Productos línea 394: sucursal inexistente ID=3
[Mon Apr 27 01:22:12 CST 2026] Productos línea 395: sucursal inexistente ID=5
[Mon Apr 27 01:22:12 CST 2026] Productos línea 396: sucursal inexistente ID=3
[Mon Apr 27 01:22:12 CST 2026] Productos línea 397: sucursal inexistente ID=2
[Mon Apr 27 01:22:12 CST 2026] Productos línea 398: sucursal inexistente ID=8
[Mon Apr 27 01:22:12 CST 2026] Productos línea 399: sucursal inexistente ID=10
[Mon Apr 27 01:22:12 CST 2026] Productos línea 400: sucursal inexistente ID=3
[Mon Apr 27 01:22:12 CST 2026] Productos línea 401: sucursal inexistente ID=9
[Mon Apr 27 01:22:12 CST 2026] Productos línea 402: sucursal inexistente ID=9
[Mon Apr 27 01:22:12 CST 2026] Productos línea 403: sucursal inexistente ID=4
[Mon Apr 27 01:22:12 CST 2026] Productos línea 404: sucursal inexistente ID=1
[Mon Apr 27 01:22:12 CST 2026] Productos línea 405: sucursal inexistente ID=2
[Mon Apr 27 01:22:12 CST 2026] Productos línea 406: sucursal inexistente ID=2
[Mon Apr 27 01:22:12 CST 2026] Productos línea 407: sucursal inexistente ID=4
[Mon Apr 27 01:22:12 CST 2026] Productos línea 408: sucursal inexistente ID=3
[Mon Apr 27 01:22:12 CST 2026] Productos línea 409: sucursal inexistente ID=4
[Mon Apr 27 01:22:12 CST 2026] Productos línea 410: sucursal inexistente ID=9
[Mon Apr 27 01:22:12 CST 2026] Productos línea 411: sucursal inexistente ID=3
[Mon Apr 27 01:22:12 CST 2026] Productos línea 412: sucursal inexistente ID=3
[Mon Apr 27 01:22:12 CST 2026] Productos línea 413: sucursal inexistente ID=2
[Mon Apr 27 01:22:12 CST 2026] Productos línea 414: sucursal inexistente ID=10
[Mon Apr 27 01:22:12 CST 2026] Productos línea 415: sucursal inexistente ID=1
[Mon Apr 27 01:22:12 CST 2026] Productos línea 416: sucursal inexistente ID=5
[Mon Apr 27 01:22:12 CST 2026] Productos línea 417: sucursal inexistente ID=7
[Mon Apr 27 01:22:12 CST 2026] Productos línea 418: sucursal inexistente ID=2
[Mon Apr 27 01:22:12 CST 2026] Productos línea 419: sucursal inexistente ID=9
[Mon Apr 27 01:22:12 CST 2026] Productos línea 420: sucursal inexistente ID=9
[Mon Apr 27 01:22:12 CST 2026] Productos línea 421: sucursal inexistente ID=1
[Mon Apr 27 01:22:12 CST 2026] Productos línea 422: sucursal inexistente ID=2
[Mon Apr 27 01:22:12 CST 2026] Productos línea 423: sucursal inexistente ID=10
[Mon Apr 27 01:22:12 CST 2026] Productos línea 424: sucursal inexistente ID=7
[Mon Apr 27 01:22:12 CST 2026] Productos línea 425: sucursal inexistente ID=8
[Mon Apr 27 01:22:12 CST 2026] Productos línea 426: sucursal inexistente ID=2
[Mon Apr 27 01:22:12 CST 2026] Productos línea 427: sucursal inexistente ID=2
[Mon Apr 27 01:22:12 CST 2026] Productos línea 428: sucursal inexistente ID=9
[Mon Apr 27 01:22:12 CST 2026] Productos línea 429: sucursal inexistente ID=4
[Mon Apr 27 01:22:12 CST 2026] Productos línea 430: sucursal inexistente ID=7
[Mon Apr 27 01:22:12 CST 2026] Productos línea 431: sucursal inexistente ID=2
[Mon Apr 27 01:22:12 CST 2026] Productos línea 432: sucursal inexistente ID=7
[Mon Apr 27 01:22:12 CST 2026] Productos línea 433: sucursal inexistente ID=9
[Mon Apr 27 01:22:12 CST 2026] Productos línea 434: sucursal inexistente ID=1
[Mon Apr 27 01:22:12 CST 2026] Productos línea 435: sucursal inexistente ID=4
[Mon Apr 27 01:22:12 CST 2026] Productos línea 436: sucursal inexistente ID=1
[Mon Apr 27 01:22:12 CST 2026] Productos línea 437: sucursal inexistente ID=6
[Mon Apr 27 01:22:12 CST 2026] Productos línea 438: sucursal inexistente ID=8
[Mon Apr 27 01:22:12 CST 2026] Productos línea 439: sucursal inexistente ID=6
[Mon Apr 27 01:22:12 CST 2026] Productos línea 440: sucursal inexistente ID=4
[Mon Apr 27 01:22:12 CST 2026] Productos línea 441: sucursal inexistente ID=1
[Mon Apr 27 01:22:12 CST 2026] Productos línea 442: sucursal inexistente ID=2
[Mon Apr 27 01:22:12 CST 2026] Productos línea 443: sucursal inexistente ID=1
[Mon Apr 27 01:22:12 CST 2026] Productos línea 444: sucursal inexistente ID=3
[Mon Apr 27 01:22:12 CST 2026] Productos línea 445: sucursal inexistente ID=2
[Mon Apr 27 01:22:12 CST 2026] Productos línea 446: sucursal inexistente ID=10
[Mon Apr 27 01:22:12 CST 2026] Productos línea 447: sucursal inexistente ID=1
[Mon Apr 27 01:22:12 CST 2026] Productos línea 448: sucursal inexistente ID=2
[Mon Apr 27 01:22:12 CST 2026] Productos línea 449: sucursal inexistente ID=6
[Mon Apr 27 01:22:12 CST 2026] Productos línea 450: sucursal inexistente ID=5
[Mon Apr 27 01:22:12 CST 2026] Productos línea 451: sucursal inexistente ID=8
[Mon Apr 27 01:22:12 CST 2026] Productos línea 452: sucursal inexistente ID=3
[Mon Apr 27 01:22:12 CST 2026] Productos línea 453: sucursal inexistente ID=1
[Mon Apr 27 01:22:12 CST 2026] Productos línea 454: sucursal inexistente ID=7
[Mon Apr 27 01:22:12 CST 2026] Productos línea 455: sucursal inexistente ID=8
[Mon Apr 27 01:22:12 CST 2026] Productos línea 456: sucursal inexistente ID=2
[Mon Apr 27 01:22:12 CST 2026] Productos línea 457: sucursal inexistente ID=2
[Mon Apr 27 01:22:12 CST 2026] Productos línea 458: sucursal inexistente ID=5
[Mon Apr 27 01:22:12 CST 2026] Productos línea 459: sucursal inexistente ID=6
[Mon Apr 27 01:22:12 CST 2026] Productos línea 460: sucursal inexistente ID=3
[Mon Apr 27 01:22:12 CST 2026] Productos línea 461: sucursal inexistente ID=4
[Mon Apr 27 01:22:12 CST 2026] Productos línea 462: sucursal inexistente ID=4
[Mon Apr 27 01:22:12 CST 2026] Productos línea 463: sucursal inexistente ID=4
[Mon Apr 27 01:22:12 CST 2026] Productos línea 464: sucursal inexistente ID=9
[Mon Apr 27 01:22:12 CST 2026] Productos línea 465: sucursal inexistente ID=5
[Mon Apr 27 01:22:12 CST 2026] Productos línea 466: sucursal inexistente ID=5
[Mon Apr 27 01:22:12 CST 2026] Productos línea 467: sucursal inexistente ID=2
[Mon Apr 27 01:22:12 CST 2026] Productos línea 468: sucursal inexistente ID=3
[Mon Apr 27 01:22:12 CST 2026] Productos línea 469: sucursal inexistente ID=9
[Mon Apr 27 01:22:12 CST 2026] Productos línea 470: sucursal inexistente ID=4
[Mon Apr 27 01:22:12 CST 2026] Productos línea 471: sucursal inexistente ID=9
[Mon Apr 27 01:22:12 CST 2026] Productos línea 472: sucursal inexistente ID=8
[Mon Apr 27 01:22:12 CST 2026] Productos línea 473: sucursal inexistente ID=4
[Mon Apr 27 01:22:12 CST 2026] Productos línea 474: sucursal inexistente ID=4
[Mon Apr 27 01:22:12 CST 2026] Productos línea 475: sucursal inexistente ID=8
[Mon Apr 27 01:22:12 CST 2026] Productos línea 476: sucursal inexistente ID=6
[Mon Apr 27 01:22:12 CST 2026] Productos línea 477: sucursal inexistente ID=3
[Mon Apr 27 01:22:12 CST 2026] Productos línea 478: sucursal inexistente ID=2
[Mon Apr 27 01:22:12 CST 2026] Productos línea 479: sucursal inexistente ID=9
[Mon Apr 27 01:22:12 CST 2026] Productos línea 480: sucursal inexistente ID=1
[Mon Apr 27 01:22:12 CST 2026] Productos línea 481: sucursal inexistente ID=7
[Mon Apr 27 01:22:12 CST 2026] Productos línea 482: sucursal inexistente ID=8
[Mon Apr 27 01:22:12 CST 2026] Productos línea 483: sucursal inexistente ID=10
[Mon Apr 27 01:22:12 CST 2026] Productos línea 484: sucursal inexistente ID=6
[Mon Apr 27 01:22:12 CST 2026] Productos línea 485: sucursal inexistente ID=8
[Mon Apr 27 01:22:12 CST 2026] Productos línea 486: sucursal inexistente ID=5
[Mon Apr 27 01:22:12 CST 2026] Productos línea 487: sucursal inexistente ID=8
[Mon Apr 27 01:22:12 CST 2026] Productos línea 488: sucursal inexistente ID=5
[Mon Apr 27 01:22:12 CST 2026] Productos línea 489: sucursal inexistente ID=8
[Mon Apr 27 01:22:12 CST 2026] Productos línea 490: sucursal inexistente ID=4
[Mon Apr 27 01:22:12 CST 2026] Productos línea 491: sucursal inexistente ID=4
[Mon Apr 27 01:22:12 CST 2026] Productos línea 492: sucursal inexistente ID=2
[Mon Apr 27 01:22:12 CST 2026] Productos línea 493: sucursal inexistente ID=3
[Mon Apr 27 01:22:12 CST 2026] Productos línea 494: sucursal inexistente ID=6
[Mon Apr 27 01:22:12 CST 2026] Productos línea 495: sucursal inexistente ID=3
[Mon Apr 27 01:22:12 CST 2026] Productos línea 496: sucursal inexistente ID=3
[Mon Apr 27 01:22:12 CST 2026] Productos línea 497: sucursal inexistente ID=10
[Mon Apr 27 01:22:12 CST 2026] Productos línea 498: sucursal inexistente ID=8
[Mon Apr 27 01:22:12 CST 2026] Productos línea 499: sucursal inexistente ID=8
[Mon Apr 27 01:22:12 CST 2026] Productos línea 500: sucursal inexistente ID=10
[Mon Apr 27 01:22:12 CST 2026] Productos línea 501: sucursal inexistente ID=9
[Wed Apr 29 00:16:53 CST 2026] Productos línea 2: campos insuficientes
[Wed Apr 29 00:16:53 CST 2026] Productos línea 3: campos insuficientes
[Wed Apr 29 00:16:53 CST 2026] Productos línea 4: campos insuficientes
[Wed Apr 29 00:16:53 CST 2026] Productos línea 5: campos insuficientes
[Wed Apr 29 00:16:53 CST 2026] Productos línea 6: campos insuficientes
[Wed Apr 29 00:16:53 CST 2026] Productos línea 7: campos insuficientes
[Wed Apr 29 00:16:53 CST 2026] Productos línea 8: campos insuficientes
[Wed Apr 29 00:16:53 CST 2026] Productos línea 9: campos insuficientes
[Wed Apr 29 00:16:53 CST 2026] Productos línea 10: campos insuficientes
[Wed Apr 29 00:16:53 CST 2026] Productos línea 11: campos insuficientes
